\BOOKMARK [1][-]{section*.1}{СОКРАЩЕНИЯ, ПРИНЯТЫЕ В ТЕКСТЕ}{}% 1
\BOOKMARK [1][-]{section*.2}{Введение}{}% 2
\BOOKMARK [1][-]{section*.3}{ОСНОВНАЯ ЧАСТЬ}{}% 3
\BOOKMARK [1][-]{section.1}{Требования технического задания на разработку СУ ПТДУ}{}% 4
\BOOKMARK [2][-]{subsection.1.1}{Назначение ПТДУ}{section.1}% 5
\BOOKMARK [2][-]{subsection.1.2}{Общий вид ВА}{section.1}% 6
\BOOKMARK [2][-]{subsection.1.3}{Конструкция и принцип действия ПТДУ}{section.1}% 7
\BOOKMARK [2][-]{subsection.1.4}{Характеристики органов управления}{section.1}% 8
\BOOKMARK [2][-]{subsection.1.5}{Требования к СУ}{section.1}% 9
\BOOKMARK [1][-]{section.2}{Алгоритм определения момента включения ПТДУ}{}% 10
\BOOKMARK [1][-]{section.3}{Математическая модель движения ЦМ ВА}{}% 11
\BOOKMARK [2][-]{subsection.3.1}{Уравнения динамики движения ЦМ в траекторной СК}{section.3}% 12
\BOOKMARK [2][-]{subsection.3.2}{Уравнения динамики движения ЦМ в связанной СК}{section.3}% 13
\BOOKMARK [2][-]{subsection.3.3}{Математическая модель ориентации}{section.3}% 14
\BOOKMARK [1][-]{section.4}{Общая постановка задачи синтеза СУ ПТДУ}{}% 15
\BOOKMARK [2][-]{subsection.4.1}{Постановка задачи управления ЦМ}{section.4}% 16
\BOOKMARK [1][-]{section.5}{Синтез желаемой кинематической траектории}{}% 17
\BOOKMARK [2][-]{subsection.5.1}{Результаты моделирования}{section.5}% 18
\BOOKMARK [1][-]{section.6}{Синтез алгоритмов стабилизации}{}% 19
\BOOKMARK [2][-]{subsection.6.1}{Метод модального управления}{section.6}% 20
\BOOKMARK [2][-]{subsection.6.2}{Постановка задачи слежения по ЦМ}{section.6}% 21
\BOOKMARK [2][-]{subsection.6.3}{Результаты моделирования переходных процессов}{section.6}% 22
\BOOKMARK [2][-]{subsection.6.4}{Результаты моделирования системы стабилизации ЦМ}{section.6}% 23
\BOOKMARK [1][-]{section.7}{Анализ технической реализуемости системы стабилизации ЦМ}{}% 24
\BOOKMARK [2][-]{subsection.7.1}{Выбор датчиков}{section.7}% 25
\BOOKMARK [2][-]{subsection.7.2}{Реализация на БЦВК}{section.7}% 26
\BOOKMARK [1][-]{section*.4}{ЗАКЛЮЧЕНИЕ}{}% 27
